Der Buildvorgang wurde am 12.04.2013 23:32:17 gestartet.
Projekt "e:\eigene dateien\visual studio 2010\Projects\RedInfoManager\RedInfoManager\RedInfoManager.vcxproj" auf Knoten "2", build Ziel(e).
InitializeBuildStatus:
  Aktualisieren des Timestamps von "Debug\RedInfoManager.unsuccessfulbuild".
GenerateTargetFrameworkMonikerAttribute:
Das Ziel "GenerateTargetFrameworkMonikerAttribute" wird übersprungen, da alle Ausgabedateien hinsichtlich der Eingabedateien aktuell sind.
ClCompile:
  Alle Ausgaben sind aktuell.
  c:\Programme\Microsoft Visual Studio 10.0\VC\bin\CL.exe /c /AI"C:\Programme\Reference Assemblies\Microsoft\Framework\.NETFramework\v4.0" /Zi /clr:pure /nologo /W3 /WX- /Od /Oy- /D WIN32 /D _DEBUG /D _UNICODE /D UNICODE /EHa /MDd /GS /fp:precise /Zc:wchar_t /Zc:forScope /Yu"StdAfx.h" /Fp"Debug\RedInfoManager.pch" /Fo"Debug\\" /Fd"Debug\vc100.pdb" /TP /FU"C:\Programme\Reference Assemblies\Microsoft\Framework\.NETFramework\v4.0\System.Core.dll" /FU"C:\Programme\Reference Assemblies\Microsoft\Framework\.NETFramework\v4.0\System.Data.dll" /FU"C:\Programme\Reference Assemblies\Microsoft\Framework\.NETFramework\v4.0\System.dll" /FU"C:\Programme\Reference Assemblies\Microsoft\Framework\.NETFramework\v4.0\System.Drawing.dll" /FU"C:\Programme\Reference Assemblies\Microsoft\Framework\.NETFramework\v4.0\System.Windows.Forms.dll" /FU"C:\Programme\Reference Assemblies\Microsoft\Framework\.NETFramework\v4.0\System.Xml.dll" /analyze- /errorReport:prompt RedInfoManager.cpp /clr:nostdlib 
  RedInfoManager.cpp
  Alle Ausgaben sind aktuell.
ResourceCompile:
  Alle Ausgaben sind aktuell.
Link:
  c:\Programme\Microsoft Visual Studio 10.0\VC\bin\link.exe /ERRORREPORT:PROMPT /OUT:"e:\eigene dateien\visual studio 2010\Projects\RedInfoManager\Debug\RedInfoManager.exe" /INCREMENTAL /NOLOGO /MANIFEST /ManifestFile:"Debug\RedInfoManager.exe.intermediate.manifest" /MANIFESTUAC:"level='asInvoker' uiAccess='false'" /DEBUG /PDB:"e:\eigene dateien\visual studio 2010\Projects\RedInfoManager\Debug\RedInfoManager.pdb" /ASSEMBLYDEBUG /SUBSYSTEM:WINDOWS /TLBID:1 /ENTRY:"main" /DYNAMICBASE /FIXED:NO /NXCOMPAT /MACHINE:X86 Debug\app.res
  Debug\AssemblyInfo.obj
  Debug\RedInfoManager.obj
  Debug\stdafx.obj
  "Debug\.NETFramework,Version=v4.0.AssemblyAttributes.obj"
  RedInfoManager.vcxproj -> e:\eigene dateien\visual studio 2010\Projects\RedInfoManager\Debug\RedInfoManager.exe
Manifest:
  C:\Programme\Microsoft SDKs\Windows\v7.0A\bin\mt.exe /nologo /verbose /outputresource:"e:\eigene dateien\visual studio 2010\Projects\RedInfoManager\Debug\RedInfoManager.exe;#1" /manifest Debug\RedInfoManager.exe.intermediate.manifest
FinalizeBuildStatus:
  Die Datei "Debug\RedInfoManager.unsuccessfulbuild" wird gelöscht.
  Aktualisieren des Timestamps von "Debug\RedInfoManager.lastbuildstate".
Die Erstellung des Projekts "e:\eigene dateien\visual studio 2010\Projects\RedInfoManager\RedInfoManager\RedInfoManager.vcxproj" ist abgeschlossen, build Ziel(e).

Das Erstellen war erfolgreich.

Verstrichene Zeit 00:00:04.62
